{"/Users/bjatta/RN-Timer/App.js": {"path":"/Users/bjatta/RN-Timer/App.js","statementMap":{"0":{"start":{"line":8,"column":23},"end":{"line":8,"column":73}},"1":{"start":{"line":10,"column":2},"end":{"line":28,"column":4}},"2":{"start":{"line":31,"column":15},"end":{"line":42,"column":2}}},"fnMap":{"0":{"name":"(anonymous_0)","decl":{"start":{"line":8,"column":65},"end":{"line":8,"column":66}},"loc":{"start":{"line":8,"column":71},"end":{"line":8,"column":73}},"line":8},"1":{"name":"App","decl":{"start":{"line":9,"column":24},"end":{"line":9,"column":27}},"loc":{"start":{"line":9,"column":30},"end":{"line":29,"column":1}},"line":9}},"branchMap":{"0":{"loc":{"start":{"line":8,"column":23},"end":{"line":8,"column":73}},"type":"cond-expr","locations":[{"start":{"line":8,"column":44},"end":{"line":8,"column":62}},{"start":{"line":8,"column":65},"end":{"line":8,"column":73}}],"line":8}},"s":{"0":1,"1":3,"2":1},"f":{"0":0,"1":3},"b":{"0":[1,0]},"_coverageSchema":"1a1c01bbd47fc00a2c39e90264f33305004495a9","hash":"0e7efc353cea9ddc974f6e9a07110a4320222e2e"}
,"/Users/bjatta/RN-Timer/src/Main.tsx": {"path":"/Users/bjatta/RN-Timer/src/Main.tsx","statementMap":{"0":{"start":{"line":4,"column":20},"end":{"line":6,"column":1}},"1":{"start":{"line":5,"column":2},"end":{"line":5,"column":25}}},"fnMap":{"0":{"name":"(anonymous_0)","decl":{"start":{"line":4,"column":20},"end":{"line":4,"column":21}},"loc":{"start":{"line":5,"column":2},"end":{"line":5,"column":25}},"line":5}},"branchMap":{},"s":{"0":2,"1":5},"f":{"0":5},"b":{},"_coverageSchema":"1a1c01bbd47fc00a2c39e90264f33305004495a9","hash":"705e9287e276027bf3588e7f1ab9c6edc93d3174"}
,"/Users/bjatta/RN-Timer/src/Timer/Action.tsx": {"path":"/Users/bjatta/RN-Timer/src/Timer/Action.tsx","statementMap":{"0":{"start":{"line":3,"column":22},"end":{"line":19,"column":1}},"1":{"start":{"line":8,"column":2},"end":{"line":18,"column":21}},"2":{"start":{"line":21,"column":15},"end":{"line":39,"column":2}}},"fnMap":{"0":{"name":"(anonymous_0)","decl":{"start":{"line":3,"column":22},"end":{"line":3,"column":23}},"loc":{"start":{"line":8,"column":2},"end":{"line":18,"column":21}},"line":8},"1":{"name":"(anonymous_1)","decl":{"start":{"line":5,"column":12},"end":{"line":5,"column":13}},"loc":{"start":{"line":5,"column":18},"end":{"line":5,"column":20}},"line":5}},"branchMap":{"0":{"loc":{"start":{"line":4,"column":2},"end":{"line":4,"column":12}},"type":"default-arg","locations":[{"start":{"line":4,"column":9},"end":{"line":4,"column":12}}],"line":4},"1":{"loc":{"start":{"line":5,"column":2},"end":{"line":5,"column":20}},"type":"default-arg","locations":[{"start":{"line":5,"column":12},"end":{"line":5,"column":20}}],"line":5},"2":{"loc":{"start":{"line":6,"column":2},"end":{"line":6,"column":18}},"type":"default-arg","locations":[{"start":{"line":6,"column":13},"end":{"line":6,"column":18}}],"line":6},"3":{"loc":{"start":{"line":11,"column":6},"end":{"line":13,"column":24}},"type":"cond-expr","locations":[{"start":{"line":12,"column":10},"end":{"line":12,"column":62}},{"start":{"line":13,"column":10},"end":{"line":13,"column":24}}],"line":11},"4":{"loc":{"start":{"line":17,"column":17},"end":{"line":17,"column":61}},"type":"cond-expr","locations":[{"start":{"line":17,"column":28},"end":{"line":17,"column":47}},{"start":{"line":17,"column":50},"end":{"line":17,"column":61}}],"line":17}},"s":{"0":2,"1":72,"2":2},"f":{"0":72,"1":0},"b":{"0":[0],"1":[0],"2":[0],"3":[32,40],"4":[32,40]},"_coverageSchema":"1a1c01bbd47fc00a2c39e90264f33305004495a9","hash":"d7e2ca8e0767ad795168b9d2ba1a3b28a1b00f7e"}
,"/Users/bjatta/RN-Timer/src/Timer/Timer.tsx": {"path":"/Users/bjatta/RN-Timer/src/Timer/Timer.tsx","statementMap":{"0":{"start":{"line":6,"column":21},"end":{"line":21,"column":1}},"1":{"start":{"line":7,"column":69},"end":{"line":10,"column":4}},"2":{"start":{"line":11,"column":2},"end":{"line":20,"column":4}},"3":{"start":{"line":23,"column":15},"end":{"line":36,"column":2}}},"fnMap":{"0":{"name":"(anonymous_0)","decl":{"start":{"line":6,"column":21},"end":{"line":6,"column":22}},"loc":{"start":{"line":6,"column":62},"end":{"line":21,"column":1}},"line":6}},"branchMap":{"0":{"loc":{"start":{"line":6,"column":24},"end":{"line":6,"column":40}},"type":"default-arg","locations":[{"start":{"line":6,"column":39},"end":{"line":6,"column":40}}],"line":6},"1":{"loc":{"start":{"line":6,"column":42},"end":{"line":6,"column":55}},"type":"default-arg","locations":[{"start":{"line":6,"column":51},"end":{"line":6,"column":55}}],"line":6}},"s":{"0":2,"1":23,"2":23,"3":2},"f":{"0":23},"b":{"0":[11],"1":[14]},"_coverageSchema":"1a1c01bbd47fc00a2c39e90264f33305004495a9","hash":"4dfb5a34cc16f7c008400f45108e3193abacec79"}
,"/Users/bjatta/RN-Timer/src/Timer/TimerValue.tsx": {"path":"/Users/bjatta/RN-Timer/src/Timer/TimerValue.tsx","statementMap":{"0":{"start":{"line":3,"column":26},"end":{"line":15,"column":1}},"1":{"start":{"line":10,"column":2},"end":{"line":14,"column":4}},"2":{"start":{"line":16,"column":25},"end":{"line":16,"column":54}},"3":{"start":{"line":16,"column":44},"end":{"line":16,"column":54}},"4":{"start":{"line":17,"column":15},"end":{"line":22,"column":2}}},"fnMap":{"0":{"name":"(anonymous_0)","decl":{"start":{"line":3,"column":26},"end":{"line":3,"column":27}},"loc":{"start":{"line":9,"column":6},"end":{"line":15,"column":1}},"line":9},"1":{"name":"(anonymous_1)","decl":{"start":{"line":16,"column":25},"end":{"line":16,"column":26}},"loc":{"start":{"line":16,"column":44},"end":{"line":16,"column":54}},"line":16}},"branchMap":{"0":{"loc":{"start":{"line":5,"column":2},"end":{"line":5,"column":16}},"type":"default-arg","locations":[{"start":{"line":5,"column":11},"end":{"line":5,"column":16}}],"line":5},"1":{"loc":{"start":{"line":12,"column":7},"end":{"line":12,"column":50}},"type":"cond-expr","locations":[{"start":{"line":12,"column":26},"end":{"line":12,"column":31}},{"start":{"line":12,"column":34},"end":{"line":12,"column":50}}],"line":12}},"s":{"0":3,"1":25,"2":3,"3":2,"4":3},"f":{"0":25,"1":2},"b":{"0":[23],"1":[24,1]},"_coverageSchema":"1a1c01bbd47fc00a2c39e90264f33305004495a9","hash":"5beee5c99b54ed294601a5e0aa5fc5d0b5813ef8"}
,"/Users/bjatta/RN-Timer/src/Timer/useTimer.tsx": {"path":"/Users/bjatta/RN-Timer/src/Timer/useTimer.tsx","statementMap":{"0":{"start":{"line":3,"column":24},"end":{"line":29,"column":1}},"1":{"start":{"line":4,"column":28},"end":{"line":4,"column":50}},"2":{"start":{"line":5,"column":36},"end":{"line":5,"column":51}},"3":{"start":{"line":6,"column":16},"end":{"line":6,"column":28}},"4":{"start":{"line":7,"column":22},"end":{"line":7,"column":39}},"5":{"start":{"line":7,"column":28},"end":{"line":7,"column":39}},"6":{"start":{"line":9,"column":21},"end":{"line":12,"column":3}},"7":{"start":{"line":10,"column":4},"end":{"line":10,"column":33}},"8":{"start":{"line":11,"column":4},"end":{"line":11,"column":25}},"9":{"start":{"line":13,"column":21},"end":{"line":16,"column":3}},"10":{"start":{"line":14,"column":4},"end":{"line":14,"column":17}},"11":{"start":{"line":15,"column":4},"end":{"line":15,"column":24}},"12":{"start":{"line":17,"column":22},"end":{"line":20,"column":3}},"13":{"start":{"line":18,"column":4},"end":{"line":18,"column":70}},"14":{"start":{"line":18,"column":38},"end":{"line":18,"column":60}},"15":{"start":{"line":18,"column":54},"end":{"line":18,"column":59}},"16":{"start":{"line":19,"column":4},"end":{"line":19,"column":23}},"17":{"start":{"line":22,"column":2},"end":{"line":28,"column":4}}},"fnMap":{"0":{"name":"(anonymous_0)","decl":{"start":{"line":3,"column":24},"end":{"line":3,"column":25}},"loc":{"start":{"line":3,"column":65},"end":{"line":29,"column":1}},"line":3},"1":{"name":"(anonymous_1)","decl":{"start":{"line":7,"column":22},"end":{"line":7,"column":23}},"loc":{"start":{"line":7,"column":28},"end":{"line":7,"column":39}},"line":7},"2":{"name":"(anonymous_2)","decl":{"start":{"line":9,"column":21},"end":{"line":9,"column":22}},"loc":{"start":{"line":9,"column":27},"end":{"line":12,"column":3}},"line":9},"3":{"name":"(anonymous_3)","decl":{"start":{"line":13,"column":21},"end":{"line":13,"column":22}},"loc":{"start":{"line":13,"column":27},"end":{"line":16,"column":3}},"line":13},"4":{"name":"(anonymous_4)","decl":{"start":{"line":17,"column":22},"end":{"line":17,"column":23}},"loc":{"start":{"line":17,"column":28},"end":{"line":20,"column":3}},"line":17},"5":{"name":"(anonymous_5)","decl":{"start":{"line":18,"column":32},"end":{"line":18,"column":33}},"loc":{"start":{"line":18,"column":38},"end":{"line":18,"column":60}},"line":18},"6":{"name":"(anonymous_6)","decl":{"start":{"line":18,"column":47},"end":{"line":18,"column":48}},"loc":{"start":{"line":18,"column":54},"end":{"line":18,"column":59}},"line":18}},"branchMap":{"0":{"loc":{"start":{"line":3,"column":27},"end":{"line":3,"column":43}},"type":"default-arg","locations":[{"start":{"line":3,"column":42},"end":{"line":3,"column":43}}],"line":3},"1":{"loc":{"start":{"line":3,"column":45},"end":{"line":3,"column":58}},"type":"default-arg","locations":[{"start":{"line":3,"column":54},"end":{"line":3,"column":58}}],"line":3}},"s":{"0":3,"1":28,"2":28,"3":28,"4":28,"5":1,"6":28,"7":2,"8":2,"9":28,"10":2,"11":2,"12":28,"13":4,"14":7,"15":7,"16":4,"17":28},"f":{"0":28,"1":1,"2":2,"3":2,"4":4,"5":7,"6":7},"b":{"0":[4],"1":[1]},"_coverageSchema":"1a1c01bbd47fc00a2c39e90264f33305004495a9","hash":"64e1d9b7dd07ba676f2807f387a1e216168695b8"}
}
