TN:
SF:App.js
FN:8,(anonymous_0)
FN:9,App
FNF:2
FNH:1
FNDA:0,(anonymous_0)
FNDA:3,App
DA:8,1
DA:10,3
DA:31,1
LF:3
LH:3
BRDA:8,0,0,1
BRDA:8,0,1,0
BRF:2
BRH:1
end_of_record
TN:
SF:src/Main.tsx
FN:4,(anonymous_0)
FNF:1
FNH:1
FNDA:5,(anonymous_0)
DA:4,2
DA:5,5
LF:2
LH:2
BRF:0
BRH:0
end_of_record
TN:
SF:src/Timer/Action.tsx
FN:3,(anonymous_0)
FN:5,(anonymous_1)
FNF:2
FNH:1
FNDA:72,(anonymous_0)
FNDA:0,(anonymous_1)
DA:3,2
DA:8,72
DA:21,2
LF:3
LH:3
BRDA:4,0,0,0
BRDA:5,1,0,0
BRDA:6,2,0,0
BRDA:11,3,0,32
BRDA:11,3,1,40
BRDA:17,4,0,32
BRDA:17,4,1,40
BRF:7
BRH:4
end_of_record
TN:
SF:src/Timer/Timer.tsx
FN:6,(anonymous_0)
FNF:1
FNH:1
FNDA:23,(anonymous_0)
DA:6,2
DA:7,23
DA:11,23
DA:23,2
LF:4
LH:4
BRDA:6,0,0,11
BRDA:6,1,0,14
BRF:2
BRH:2
end_of_record
TN:
SF:src/Timer/TimerValue.tsx
FN:3,(anonymous_0)
FN:16,(anonymous_1)
FNF:2
FNH:2
FNDA:25,(anonymous_0)
FNDA:2,(anonymous_1)
DA:3,3
DA:10,25
DA:16,3
DA:17,3
LF:4
LH:4
BRDA:5,0,0,23
BRDA:12,1,0,24
BRDA:12,1,1,1
BRF:3
BRH:3
end_of_record
TN:
SF:src/Timer/useTimer.tsx
FN:3,(anonymous_0)
FN:7,(anonymous_1)
FN:9,(anonymous_2)
FN:13,(anonymous_3)
FN:17,(anonymous_4)
FN:18,(anonymous_5)
FN:18,(anonymous_6)
FNF:7
FNH:7
FNDA:28,(anonymous_0)
FNDA:1,(anonymous_1)
FNDA:2,(anonymous_2)
FNDA:2,(anonymous_3)
FNDA:4,(anonymous_4)
FNDA:7,(anonymous_5)
FNDA:7,(anonymous_6)
DA:3,3
DA:4,28
DA:5,28
DA:6,28
DA:7,28
DA:9,28
DA:10,2
DA:11,2
DA:13,28
DA:14,2
DA:15,2
DA:17,28
DA:18,7
DA:19,4
DA:22,28
LF:15
LH:15
BRDA:3,0,0,4
BRDA:3,1,0,1
BRF:2
BRH:2
end_of_record
